<?xml version="1.0" encoding="UTF-8"?>
<!-- Generated by org.testng.reporters.JUnitReportReporter -->
<testsuite hostname="Mahesh" failures="0" tests="3" name="com.testautomation.apitesting.tests.DataDrivenTestingUsingJSONFile" time="7.559" errors="0" timestamp="2024-05-12T07:03:42 IST" skipped="0">
  <testcase classname="com.testautomation.apitesting.tests.DataDrivenTestingUsingJSONFile" name="dataDrivenTestingUsingJSON" time="1.718"/>
  <testcase classname="com.testautomation.apitesting.tests.DataDrivenTestingUsingJSONFile" name="dataDrivenTestingUsingJSON" time="1.564"/>
  <testcase classname="com.testautomation.apitesting.tests.DataDrivenTestingUsingJSONFile" name="dataDrivenTestingUsingJSON" time="4.277"/>
</testsuite> <!-- com.testautomation.apitesting.tests.DataDrivenTestingUsingJSONFile -->
