<?xml version="1.0" encoding="UTF-8"?>
<!-- Generated by org.testng.reporters.JUnitReportReporter -->
<testsuite hostname="Mahesh" failures="0" tests="3" name="com.testautomation.apitesting.tests.DataDrivenTestingUsingCSVFile" time="7.501" errors="0" timestamp="2024-05-13T06:36:06 IST" skipped="0">
  <testcase classname="com.testautomation.apitesting.tests.DataDrivenTestingUsingCSVFile" name="dataDrivenTesting" time="4.748"/>
  <testcase classname="com.testautomation.apitesting.tests.DataDrivenTestingUsingCSVFile" name="dataDrivenTesting" time="1.372"/>
  <testcase classname="com.testautomation.apitesting.tests.DataDrivenTestingUsingCSVFile" name="dataDrivenTesting" time="1.381"/>
</testsuite> <!-- com.testautomation.apitesting.tests.DataDrivenTestingUsingCSVFile -->
