<?xml version="1.0" encoding="UTF-8"?>
<!-- Generated by org.testng.reporters.JUnitReportReporter -->
<testsuite hostname="Mahesh" failures="0" tests="1" name="com.testautomation.apitesting.tests.PatchAPIRequest" time="10.200" errors="0" timestamp="2024-05-11T14:38:17 IST" skipped="0">
  <testcase classname="com.testautomation.apitesting.tests.PatchAPIRequest" name="putAPIRequest" time="10.200"/>
</testsuite> <!-- com.testautomation.apitesting.tests.PatchAPIRequest -->
