<?xml version="1.0" encoding="UTF-8"?>
<!-- Generated by org.testng.reporters.JUnitReportReporter -->
<testsuite hostname="Mahesh" failures="0" tests="2" name="com.testautomation.apitesting.tests.PostAPIRequest" time="5.096" errors="0" timestamp="2024-05-08T21:22:02 IST" skipped="1">
  <testcase classname="com.testautomation.apitesting.tests.PostAPIRequest" name="createBooking" time="5.096"/>
  <testcase classname="com.testautomation.apitesting.tests.PostAPIRequest" name="createBooking2">
    <skipped/>
  </testcase> <!-- createBooking2 -->
</testsuite> <!-- com.testautomation.apitesting.tests.PostAPIRequest -->
