<?xml version="1.0" encoding="UTF-8"?>
<!-- Generated by org.testng.reporters.JUnitReportReporter -->
<testsuite hostname="Mahesh" failures="0" tests="1" name="com.testautomation.apitesting.tests.PostAPIRequestUsingPojos" time="10.456" errors="0" timestamp="2024-05-10T15:51:21 IST" skipped="0">
  <testcase classname="com.testautomation.apitesting.tests.PostAPIRequestUsingPojos" name="PostAPIRequest" time="10.456"/>
</testsuite> <!-- com.testautomation.apitesting.tests.PostAPIRequestUsingPojos -->
