<?xml version="1.0" encoding="UTF-8"?>
<!-- Generated by org.testng.reporters.JUnitReportReporter -->
<testsuite hostname="Mahesh" failures="0" tests="1" name="com.testautomation.apitesting.tests.GetApiRequestTest" time="3.282" errors="0" timestamp="2024-05-08T14:58:58 IST" skipped="0">
  <testcase classname="com.testautomation.apitesting.tests.GetApiRequestTest" name="getAllBookings" time="3.282"/>
</testsuite> <!-- com.testautomation.apitesting.tests.GetApiRequestTest -->
