<?xml version="1.0" encoding="UTF-8"?>
<!-- Generated by org.testng.reporters.JUnitReportReporter -->
<testsuite hostname="Mahesh" failures="0" tests="2" name="com.testautomation.apitesting.tests.DataDrivenTestingUsingExcelFile" time="8.632" errors="0" timestamp="2024-05-13T14:56:48 IST" skipped="0">
  <testcase classname="com.testautomation.apitesting.tests.DataDrivenTestingUsingExcelFile" name="dataDrivenTesting" time="2.278"/>
  <testcase classname="com.testautomation.apitesting.tests.DataDrivenTestingUsingExcelFile" name="dataDrivenTesting" time="6.354"/>
</testsuite> <!-- com.testautomation.apitesting.tests.DataDrivenTestingUsingExcelFile -->
