<?xml version="1.0" encoding="UTF-8"?>
<!-- Generated by org.testng.reporters.JUnitReportReporter -->
<testsuite hostname="Mahesh" failures="0" tests="1" name="com.testautomation.apitesting.tests.PutApiRequest" time="6.948" errors="0" timestamp="2024-05-11T14:19:33 IST" skipped="0">
  <testcase classname="com.testautomation.apitesting.tests.PutApiRequest" name="PostAPIRequest" time="6.948"/>
</testsuite> <!-- com.testautomation.apitesting.tests.PutApiRequest -->
