<?xml version="1.0" encoding="UTF-8"?>
<!-- Generated by org.testng.reporters.JUnitReportReporter -->
<testsuite hostname="Mahesh" failures="0" tests="1" name="com.testautomation.apitesting.tests.EndToEndAPITest" time="14.715" errors="0" timestamp="2024-05-11T15:43:52 IST" skipped="0">
  <testcase classname="com.testautomation.apitesting.tests.EndToEndAPITest" name="e2eAPIRequest" time="14.715"/>
</testsuite> <!-- com.testautomation.apitesting.tests.EndToEndAPITest -->
